<?xml version="1.0" encoding="UTF-8"?>
<!-- Generated by org.testng.reporters.JUnitReportReporter -->
<testsuite hostname="DESKTOP-NBTAFGU" name="freeTrourAutomation.LoginPageTest" tests="2" failures="0" timestamp="17 Dec 2019 03:00:08 GMT" time="20.268" errors="0">
  <testcase name="login" time="15.765" classname="freeTrourAutomation.LoginPageTest"/>
  <testcase name="verifyLoginPage" time="4.503" classname="freeTrourAutomation.LoginPageTest"/>
</testsuite> <!-- freeTrourAutomation.LoginPageTest -->
