<?xml version="1.0" encoding="UTF-8"?>
<!-- Generated by org.testng.reporters.JUnitReportReporter -->
<testsuite hostname="Tarishah" name="freeTrourAutomationpagesTests.LoginPageTest" tests="2" failures="0" timestamp="28 Dec 2019 00:07:46 GMT" time="17.194" errors="0">
  <testcase name="verifyLoginPage" time="10.218" classname="freeTrourAutomationpagesTests.LoginPageTest"/>
  <testcase name="login" time="6.976" classname="freeTrourAutomationpagesTests.LoginPageTest"/>
</testsuite> <!-- freeTrourAutomationpagesTests.LoginPageTest -->
