<?xml version="1.0" encoding="UTF-8"?>
<!-- Generated by org.testng.reporters.JUnitReportReporter -->
<testsuite hostname="TariShah" name="freeTrourAutomationpagesTests.LoginPageTest" tests="2" failures="0" timestamp="27 Dec 2019 15:39:02 GMT" time="14.426" errors="0">
  <testcase name="verifyLoginPage" time="4.971" classname="freeTrourAutomationpagesTests.LoginPageTest"/>
  <testcase name="login" time="9.455" classname="freeTrourAutomationpagesTests.LoginPageTest"/>
</testsuite> <!-- freeTrourAutomationpagesTests.LoginPageTest -->
