<?xml version="1.0" encoding="UTF-8"?>
<!-- Generated by org.testng.reporters.JUnitReportReporter -->
<testsuite hostname="DESKTOP-NBTAFGU" name="freeTrourAutomation.FlightsPageTest" tests="2" failures="0" timestamp="17 Dec 2019 03:38:49 GMT" time="12.274" errors="0">
  <testcase name="clickOnHomePageLink" time="6.985" classname="freeTrourAutomation.FlightsPageTest"/>
  <testcase name="verifyFlightsPageTitle" time="5.289" classname="freeTrourAutomation.FlightsPageTest"/>
</testsuite> <!-- freeTrourAutomation.FlightsPageTest -->
