<?xml version="1.0" encoding="UTF-8"?>
<!-- Generated by org.testng.reporters.JUnitReportReporter -->
<testsuite hostname="TariShah" name="freeTrourAutomationpagesTests.RegistrationPageTest" tests="5" failures="0" timestamp="27 Dec 2019 15:39:02 GMT" time="39.402" errors="0">
  <testcase name="completeRegistrationPage" time="8.137" classname="freeTrourAutomationpagesTests.RegistrationPageTest"/>
  <testcase name="completeRegistrationPage" time="8.093" classname="freeTrourAutomationpagesTests.RegistrationPageTest"/>
  <testcase name="verifyRegistrationPageTitle" time="6.187" classname="freeTrourAutomationpagesTests.RegistrationPageTest"/>
  <testcase name="completeRegistrationPage" time="8.575" classname="freeTrourAutomationpagesTests.RegistrationPageTest"/>
  <testcase name="completeRegistrationPage" time="8.410" classname="freeTrourAutomationpagesTests.RegistrationPageTest"/>
</testsuite> <!-- freeTrourAutomationpagesTests.RegistrationPageTest -->
