<?xml version="1.0" encoding="UTF-8"?>
<!-- Generated by org.testng.reporters.JUnitReportReporter -->
<testsuite hostname="TariShah" name="freeTrourAutomationpagesTests.HomePageTest" tests="2" failures="0" timestamp="27 Dec 2019 15:39:02 GMT" time="12.681" errors="0">
  <testcase name="verifyHomePageTitle" time="6.087" classname="freeTrourAutomationpagesTests.HomePageTest"/>
  <testcase name="clickOnRegistrationPageLink" time="6.594" classname="freeTrourAutomationpagesTests.HomePageTest"/>
</testsuite> <!-- freeTrourAutomationpagesTests.HomePageTest -->
