<?xml version="1.0" encoding="UTF-8"?>
<!-- Generated by org.testng.reporters.JUnitReportReporter -->
<testsuite hostname="TariShah" name="freeTrourAutomationpagesTests.FlightsPageTest" tests="2" failures="0" timestamp="27 Dec 2019 15:39:02 GMT" time="10.542" errors="0">
  <testcase name="clickOnHomePageLink" time="5.159" classname="freeTrourAutomationpagesTests.FlightsPageTest"/>
  <testcase name="verifyFlightsPageTitle" time="5.383" classname="freeTrourAutomationpagesTests.FlightsPageTest"/>
</testsuite> <!-- freeTrourAutomationpagesTests.FlightsPageTest -->
